{"date":"2024-07-25T14:22:12.900Z","level":"error","message":"Cannot read properties of undefined (reading 'match')","method":"POST","service":"user-service","url":"/register"}
{"date":"2024-07-25T14:22:56.194Z","level":"error","message":"User does not exist","method":"POST","service":"user-service","url":"/login"}
{"date":"2024-07-25T14:26:19.439Z","level":"error","message":"user validation failed: name: Path `name` is required., email: Path `email` is required., password: Path `password` is required., phone: Path `phone` is required.","method":"POST","service":"user-service","url":"/register"}
{"date":"2024-07-25T14:31:25.864Z","level":"error","message":"resetPasswordToken is not defined","method":"POST","service":"user-service","url":"/forgotPassword"}
{"date":"2024-07-25T14:45:42.038Z","level":"error","message":"User does not exist","method":"POST","service":"user-service","url":"/login"}
{"date":"2024-07-25T14:51:57.104Z","level":"error","message":"Invalid credentials","method":"POST","service":"user-service","url":"/login"}
{"date":"2024-07-25T15:35:42.220Z","level":"error","message":"User does not exist","method":"POST","service":"user-service","url":"/login"}
{"date":"2024-07-25T15:35:51.356Z","level":"error","message":"E11000 duplicate key error collection: urbanfootball-v1.users index: phone_1 dup key: { phone: \"89768\" }","method":"POST","service":"user-service","url":"/register"}
{"date":"2024-07-25T15:38:10.628Z","level":"error","message":"Invalid token","method":"PUT","service":"user-service","url":"/resetPassword"}
{"date":"2024-07-25T15:38:20.030Z","level":"error","message":"user validation failed: password: Path `password` is required.","method":"PUT","service":"user-service","url":"/resetPassword"}
{"date":"2024-07-25T15:38:55.573Z","level":"error","message":"Email and password cannot be updated here","method":"PUT","service":"user-service","url":"/updateProfile"}
{"date":"2024-07-25T15:39:00.976Z","level":"error","message":"Email and password cannot be updated here","method":"PUT","service":"user-service","url":"/updateProfile"}
{"date":"2024-07-25T15:40:44.602Z","level":"error","message":"Cast to Number failed for value \"right\" (type string) at path \"foot\"","method":"PUT","service":"user-service","url":"/updateProfile"}
{"date":"2024-07-25T15:52:29.999Z","level":"error","message":"User already exists","method":"POST","service":"user-service","url":"/register"}
{"date":"2024-07-25T15:52:45.401Z","level":"error","message":"E11000 duplicate key error collection: urbanfootball-v1.users index: phone_1 dup key: { phone: \"988776677\" }","method":"POST","service":"user-service","url":"/register"}
{"date":"2024-07-25T15:53:23.097Z","level":"error","message":"User already exists","method":"POST","service":"user-service","url":"/register"}
{"date":"2024-07-25T15:53:29.624Z","level":"error","message":"User already exists","method":"POST","service":"user-service","url":"/register"}
{"date":"2024-07-25T16:17:33.204Z","level":"error","message":"Invalid credentials","method":"POST","service":"user-service","url":"/login"}
{"date":"2024-07-25T16:18:37.658Z","level":"error","message":"Invalid credentials","method":"POST","service":"user-service","url":"/login"}
{"date":"2024-07-26T13:21:34.874Z","level":"error","message":"Invalid credentials","method":"POST","service":"user-service","url":"/login"}
{"date":"2024-07-26T13:21:48.858Z","level":"error","message":"Invalid credentials","method":"POST","service":"user-service","url":"/login"}
{"date":"2024-07-26T13:22:43.971Z","level":"error","message":"Invalid credentials","method":"POST","service":"user-service","url":"/login"}
{"date":"2024-07-26T13:22:51.110Z","level":"error","message":"Invalid credentials","method":"POST","service":"user-service","url":"/login"}
{"date":"2024-07-26T13:23:19.160Z","level":"error","message":"Invalid credentials","method":"POST","service":"user-service","url":"/login"}
{"date":"2024-07-26T13:24:07.091Z","level":"error","message":"Invalid credentials","method":"POST","service":"user-service","url":"/login"}
{"date":"2024-07-26T13:24:14.159Z","level":"error","message":"Invalid credentials","method":"POST","service":"user-service","url":"/login"}
{"date":"2024-07-26T13:26:59.602Z","level":"error","message":"Invalid credentials","method":"POST","service":"user-service","url":"/login"}
{"date":"2024-07-26T13:27:07.602Z","level":"error","message":"Invalid credentials","method":"POST","service":"user-service","url":"/login"}
{"date":"2024-07-26T13:27:30.779Z","level":"error","message":"Invalid credentials","method":"POST","service":"user-service","url":"/login"}
{"date":"2024-07-26T14:05:40.670Z","level":"error","message":"uploadFiles is not defined","method":"POST","service":"user-service","url":"/"}
{"date":"2024-07-26T14:08:57.855Z","level":"error","message":"League validation failed: matchDays.0: Cast to [Number] failed for value \"[ 'sun', 'mon' ]\" (type string) at path \"matchDays.0\" because of \"CastError\", logo: Path `logo` is required., startDate: Path `startDate` is required., endDate: Path `endDate` is required.","method":"POST","service":"user-service","url":"/"}
{"date":"2024-07-26T14:13:43.010Z","level":"error","message":"League validation failed: logo: Path `logo` is required., matchMinutes: Path `matchMinutes` is required.","method":"POST","service":"user-service","url":"/"}
{"date":"2024-07-26T14:14:29.804Z","level":"error","message":"League validation failed: logo: Path `logo` is required.","method":"POST","service":"user-service","url":"/"}
{"date":"2024-07-26T14:14:41.654Z","level":"error","message":"League validation failed: logo: Path `logo` is required.","method":"POST","service":"user-service","url":"/"}
{"date":"2024-07-26T16:09:11.124Z","level":"error","message":"Email and password cannot be updated here","method":"PUT","service":"user-service","url":"/updateProfile"}
{"date":"2024-07-27T12:41:06.428Z","level":"error","message":"User does not exist","method":"POST","service":"user-service","url":"/login"}
{"date":"2024-07-27T12:44:22.497Z","level":"error","message":"User does not exist","method":"POST","service":"user-service","url":"/login"}
{"date":"2024-07-27T13:36:36.743Z","level":"error","message":"User does not exist","method":"POST","service":"user-service","url":"/forgotPassword"}
{"date":"2024-07-27T13:36:44.331Z","level":"error","message":"User does not exist","method":"POST","service":"user-service","url":"/forgotPassword"}
{"date":"2024-08-19T15:54:35.524Z","level":"error","message":"Image is required","method":"POST","service":"user-service","url":"/"}
{"date":"2024-08-19T15:55:08.055Z","level":"error","message":"Image is required","method":"POST","service":"user-service","url":"/"}
{"date":"2024-08-19T15:59:59.866Z","level":"error","message":"Image is required","method":"POST","service":"user-service","url":"/"}
{"date":"2024-08-19T16:03:19.723Z","level":"error","message":"Team validation failed: country: Path `country` is required.","method":"POST","service":"user-service","url":"/"}
{"date":"2024-08-19T16:07:49.130Z","level":"error","message":"Team validation failed: country: Path `country` is required.","method":"POST","service":"user-service","url":"/"}
{"date":"2024-08-19T16:08:21.537Z","level":"error","message":"Team validation failed: country: Path `country` is required.","method":"POST","service":"user-service","url":"/"}
{"date":"2024-08-19T16:08:21.564Z","level":"error","message":"Team validation failed: country: Path `country` is required.","method":"POST","service":"user-service","url":"/"}
{"date":"2024-08-19T16:08:57.782Z","level":"error","message":"Team validation failed: country: Path `country` is required.","method":"POST","service":"user-service","url":"/"}
{"date":"2024-08-19T16:10:06.827Z","level":"error","message":"Team validation failed: country: Path `country` is required.","method":"POST","service":"user-service","url":"/"}
{"date":"2024-08-19T16:10:06.889Z","level":"error","message":"Team validation failed: country: Path `country` is required.","method":"POST","service":"user-service","url":"/"}
{"date":"2024-08-19T16:25:22.251Z","level":"error","message":"Team already exists","method":"POST","service":"user-service","url":"/"}
{"date":"2024-08-20T15:01:45.220Z","level":"error","message":"Image is required","method":"POST","service":"user-service","url":"/"}
{"date":"2024-08-20T15:07:53.718Z","level":"error","message":"Image is required","method":"POST","service":"user-service","url":"/"}
{"date":"2024-08-21T14:11:25.957Z","level":"error","message":"Cast to ObjectId failed for value \"\" (type string) at path \"_id\" for model \"Team\"","method":"POST","service":"user-service","url":"/invite-members"}
{"date":"2024-08-21T14:13:34.632Z","level":"error","message":"Invalid id","method":"POST","service":"user-service","url":"/invite-members"}
{"date":"2024-08-21T14:17:11.221Z","level":"error","message":"Invalid id","method":"POST","service":"user-service","url":"/invite-members"}
{"date":"2024-08-21T14:17:44.909Z","level":"error","message":"Invalid FCM token provided","method":"POST","service":"user-service","url":"/invite-members"}
{"date":"2024-08-21T17:54:20.154Z","level":"error","message":"Image is required","method":"POST","service":"user-service","url":"/"}
{"date":"2024-08-21T17:54:53.955Z","level":"error","message":"Image is required","method":"POST","service":"user-service","url":"/"}
{"date":"2024-08-21T17:56:43.203Z","level":"error","message":"Image is required","method":"POST","service":"user-service","url":"/"}
{"date":"2024-08-21T17:57:00.236Z","level":"error","message":"Image is required","method":"POST","service":"user-service","url":"/"}
{"date":"2024-08-21T17:57:04.089Z","level":"error","message":"Image is required","method":"POST","service":"user-service","url":"/"}
{"date":"2024-08-21T17:57:35.707Z","level":"error","message":"The \"path\" argument must be of type string. Received undefined","method":"POST","service":"user-service","url":"/"}
{"date":"2024-08-21T17:58:18.788Z","level":"error","message":"The \"path\" argument must be of type string. Received undefined","method":"POST","service":"user-service","url":"/"}
{"date":"2024-08-21T17:58:37.216Z","level":"error","message":"The \"path\" argument must be of type string. Received undefined","method":"POST","service":"user-service","url":"/"}
{"date":"2024-08-21T18:05:04.556Z","level":"error","message":"The \"path\" argument must be of type string. Received undefined","method":"POST","service":"user-service","url":"/"}
{"date":"2024-08-21T18:14:51.324Z","level":"error","message":"The \"path\" argument must be of type string. Received undefined","method":"POST","service":"user-service","url":"/"}
{"date":"2024-08-21T18:15:53.399Z","level":"error","message":"The \"path\" argument must be of type string. Received undefined","method":"POST","service":"user-service","url":"/"}
{"date":"2024-08-21T18:16:53.183Z","level":"error","message":"The \"path\" argument must be of type string. Received undefined","method":"POST","service":"user-service","url":"/"}
{"date":"2024-08-21T18:19:44.234Z","level":"error","message":"Team already exists","method":"POST","service":"user-service","url":"/"}
{"date":"2024-08-21T18:19:55.954Z","level":"error","message":"Image is required","method":"POST","service":"user-service","url":"/"}
{"date":"2024-08-21T18:40:16.431Z","level":"error","message":"Invalid credentials","method":"POST","service":"user-service","url":"/login"}
{"date":"2024-08-21T18:40:53.387Z","level":"error","message":"Invalid credentials","method":"POST","service":"user-service","url":"/login"}
{"date":"2024-08-21T18:42:41.201Z","level":"error","message":"Invalid credentials","method":"POST","service":"user-service","url":"/login"}
{"date":"2024-08-21T18:42:45.745Z","level":"error","message":"Invalid credentials","method":"POST","service":"user-service","url":"/login"}
{"date":"2024-08-21T18:42:54.994Z","level":"error","message":"Invalid credentials","method":"POST","service":"user-service","url":"/login"}
{"date":"2024-08-21T18:44:36.635Z","level":"error","message":"Invalid credentials","method":"POST","service":"user-service","url":"/login"}
{"date":"2024-08-21T18:49:12.829Z","level":"error","message":"No matching team found.","method":"PUT","service":"user-service","url":"/manage-invitation/66c632ef249e76d80bb15eeb/66a270ef26cb6d165c1e953d?action=reject"}
{"date":"2024-08-21T18:53:10.744Z","level":"error","message":"No matching team found.","method":"PUT","service":"user-service","url":"/manage-invitation/66c632ef249e76d80bb15eeb/66c63572033ce3eafc6abd4c?action=reject"}
{"date":"2024-08-21T18:54:11.366Z","level":"error","message":"Plan executor error during findAndModify :: caused by :: The positional operator did not find the match needed from the query.","method":"PUT","service":"user-service","url":"/manage-invitation/66c632ef249e76d80bb15eeb/66c63572033ce3eafc6abd4c?action=accept"}
{"date":"2024-08-21T18:56:05.624Z","level":"error","message":"Plan executor error during findAndModify :: caused by :: The positional operator did not find the match needed from the query.","method":"PUT","service":"user-service","url":"/manage-invitation/66c632ef249e76d80bb15eeb/66c63572033ce3eafc6abd4c?action=accept"}
{"date":"2024-08-21T19:23:12.351Z","level":"error","message":"No matching team found.","method":"POST","service":"user-service","url":"/join-team"}
{"date":"2024-08-21T19:23:48.587Z","level":"error","message":"res.status is not a function","method":"POST","service":"user-service","url":"/join-team"}
{"date":"2024-08-21T19:27:52.891Z","level":"error","message":"You cann't join team unless the team has captain","method":"POST","service":"user-service","url":"/join-request"}
{"date":"2024-08-21T19:47:41.948Z","level":"error","message":"User does not exist","method":"POST","service":"user-service","url":"/login"}
{"date":"2024-08-21T19:49:57.086Z","level":"error","message":"image is not defined","method":"PUT","service":"user-service","url":"/update/66c63f7b1dc75a44a4b13eda"}
{"date":"2024-08-21T19:50:32.819Z","level":"error","message":"image is not defined","method":"PUT","service":"user-service","url":"/update/66c63f7b1dc75a44a4b13eda"}
{"date":"2024-08-21T19:52:09.627Z","level":"error","message":"image is not defined","method":"PUT","service":"user-service","url":"/update/66c63f7b1dc75a44a4b13eda"}
{"date":"2024-08-21T20:12:46.978Z","level":"error","message":"Team not found or conditions not met.","method":"PUT","service":"user-service","url":"/request-captaincy/66c4b194442658953536ee09"}
{"date":"2024-08-21T20:12:57.549Z","level":"error","message":"Team not found or conditions not met.","method":"PUT","service":"user-service","url":"/request-captaincy/66c63f7b1dc75a44a4b13eda"}
{"date":"2024-08-21T20:13:17.372Z","level":"error","message":"Team not found or conditions not met.","method":"PUT","service":"user-service","url":"/request-captaincy/66c632ef249e76d80bb15eeb"}
{"date":"2024-08-21T20:32:27.946Z","level":"error","message":"Cannot read properties of undefined (reading 'toString')","method":"PUT","service":"user-service","url":"/request-captaincy/66c632ef249e76d80bb15eeb"}
{"date":"2024-08-21T20:34:40.625Z","level":"error","message":"You have already sent a request to become captain.","method":"PUT","service":"user-service","url":"/request-captaincy/66c632ef249e76d80bb15eeb"}
{"date":"2024-08-21T20:35:13.691Z","level":"error","message":"You are already the captain of this team.","method":"PUT","service":"user-service","url":"/request-captaincy/66c632ef249e76d80bb15eeb"}
{"date":"2024-08-22T13:36:06.519Z","level":"error","message":"Cannot read properties of undefined (reading 'length')","method":"GET","service":"user-service","url":"/?league=&year="}
{"date":"2024-08-22T13:36:07.580Z","level":"error","message":"Cannot read properties of undefined (reading 'length')","method":"GET","service":"user-service","url":"/?league=&year="}
{"date":"2024-08-22T13:36:09.623Z","level":"error","message":"Cannot read properties of undefined (reading 'length')","method":"GET","service":"user-service","url":"/?league=&year="}
{"date":"2024-08-22T13:36:13.676Z","level":"error","message":"Cannot read properties of undefined (reading 'length')","method":"GET","service":"user-service","url":"/?league=&year="}
{"date":"2024-08-22T14:09:17.811Z","level":"error","message":"android.data must only contain string values","method":"POST","service":"user-service","url":"/join-request"}
{"date":"2024-08-22T14:13:06.952Z","level":"error","message":"Executor error during find command :: caused by :: The argument to $size must be an array, but was of type: missing","method":"GET","service":"user-service","url":"/captain-request-list"}
{"date":"2024-08-22T14:13:08.899Z","level":"error","message":"Executor error during find command :: caused by :: The argument to $size must be an array, but was of type: missing","method":"GET","service":"user-service","url":"/captain-request-list"}
{"date":"2024-08-22T14:13:11.375Z","level":"error","message":"Executor error during find command :: caused by :: The argument to $size must be an array, but was of type: missing","method":"GET","service":"user-service","url":"/captain-request-list"}
{"date":"2024-08-22T14:13:15.838Z","level":"error","message":"Executor error during find command :: caused by :: The argument to $size must be an array, but was of type: missing","method":"GET","service":"user-service","url":"/captain-request-list"}
{"date":"2024-08-22T14:15:34.614Z","level":"error","message":"You cann't join team unless the team has captain","method":"POST","service":"user-service","url":"/join-request"}
{"date":"2024-08-22T14:19:29.635Z","level":"error","message":"android.data must only contain string values","method":"POST","service":"user-service","url":"/join-request"}
{"date":"2024-08-22T14:28:04.641Z","level":"error","message":"_id is not defined","method":"GET","service":"user-service","url":"/captain-request-list"}
{"date":"2024-08-22T14:28:18.287Z","level":"error","message":"FieldPath field names may not start with '$'. Consider using $getField or $setField.","method":"GET","service":"user-service","url":"/captain-request-list"}
{"date":"2024-08-22T14:48:59.406Z","level":"error","message":"skip is not defined","method":"GET","service":"user-service","url":"/?season="}
{"date":"2024-08-22T14:49:00.445Z","level":"error","message":"skip is not defined","method":"GET","service":"user-service","url":"/?season="}
{"date":"2024-08-22T14:49:02.485Z","level":"error","message":"skip is not defined","method":"GET","service":"user-service","url":"/?season="}
{"date":"2024-08-22T14:49:06.518Z","level":"error","message":"skip is not defined","method":"GET","service":"user-service","url":"/?season="}
{"date":"2024-08-22T14:55:46.503Z","level":"error","message":"FieldPath field names may not start with '$'. Consider using $getField or $setField.","method":"GET","service":"user-service","url":"/captain-request-list"}
{"date":"2024-08-22T15:03:15.356Z","level":"error","message":"android.data must only contain string values","method":"POST","service":"user-service","url":"/join-request"}
{"date":"2024-08-22T15:05:27.054Z","level":"error","message":"Cannot read properties of undefined (reading '_id')","method":"PUT","service":"user-service","url":"/request-captaincy/66c632ef249e76d80bb15eeb"}
{"date":"2024-08-22T15:19:17.022Z","level":"error","message":"invalid argument to $limit stage: Expected a number in: $limit: \"1\"","method":"GET","service":"user-service","url":"/captain-request-list?limit=1&page=1"}
{"date":"2024-08-22T15:21:21.650Z","level":"error","message":"android.data must only contain string values","method":"POST","service":"user-service","url":"/join-request"}
{"date":"2024-08-22T15:26:30.459Z","level":"error","message":"data must only contain string values","method":"POST","service":"user-service","url":"/join-request"}
{"date":"2024-08-22T15:27:29.827Z","level":"error","message":"data must be a non-null object","method":"POST","service":"user-service","url":"/join-request"}
{"date":"2024-08-22T15:29:07.754Z","level":"error","message":"data must be a non-null object","method":"POST","service":"user-service","url":"/join-request"}
{"date":"2024-08-22T15:31:02.292Z","level":"error","message":"Invalid JSON payload received. Unknown name \"sound\" at 'message.notification': Cannot find field.","method":"POST","service":"user-service","url":"/join-request"}
{"date":"2024-08-22T15:50:41.090Z","level":"error","message":"Cast to date failed for value \"Invalid Date\" (type Date) at path \"createdAt\" for model \"Team\"","method":"GET","service":"user-service","url":"/?league&season&year=2024"}
{"date":"2024-08-22T15:51:58.732Z","level":"error","message":"Cast to date failed for value \"Invalid Date\" (type Date) at path \"createdAt\" for model \"Team\"","method":"GET","service":"user-service","url":"/?league&season&year=2024"}
{"date":"2024-08-22T15:54:47.476Z","level":"error","message":"Cast to date failed for value \"Invalid Date\" (type Date) at path \"createdAt\" for model \"Team\"","method":"GET","service":"user-service","url":"/?league&season&year=2024"}
{"date":"2024-08-22T15:59:22.936Z","level":"error","message":"No matching team found.","method":"POST","service":"user-service","url":"/join-team"}
{"date":"2024-08-22T16:00:05.354Z","level":"error","message":"The registration token is not a valid FCM registration token","method":"POST","service":"user-service","url":"/join-request"}
{"date":"2024-08-22T16:20:54.093Z","level":"error","message":"You have already sent a request to become member of the team.","method":"POST","service":"user-service","url":"/join-request"}
{"date":"2024-08-22T16:42:07.436Z","level":"error","message":"token is not defined","method":"POST","service":"user-service","url":"/join-request"}
{"date":"2024-08-22T16:43:03.715Z","level":"error","message":"token is not defined","method":"POST","service":"user-service","url":"/join-request"}
{"date":"2024-08-22T16:43:36.552Z","level":"error","message":"Invalid FCM token provided","method":"POST","service":"user-service","url":"/join-request"}
{"date":"2024-08-22T16:43:53.844Z","level":"error","message":"Cannot access 'message' before initialization","method":"POST","service":"user-service","url":"/join-request"}
{"date":"2024-08-22T16:53:45.144Z","level":"error","message":"Notification is not defined","method":"GET","service":"user-service","url":"/get-all"}
{"date":"2024-08-22T18:24:01.897Z","level":"error","message":"No matching team found.","method":"POST","service":"user-service","url":"/join-team"}
{"date":"2024-08-22T18:25:21.439Z","level":"error","message":"No matching team found.","method":"POST","service":"user-service","url":"/join-team"}
{"date":"2024-08-22T18:26:02.221Z","level":"error","message":"No matching team found.","method":"POST","service":"user-service","url":"/join-team"}
{"date":"2024-08-22T20:05:11.707Z","level":"error","message":"Updating the path 'athleticDetails.city' would create a conflict at 'athleticDetails'","method":"PUT","service":"user-service","url":"/updateProfile"}
{"date":"2024-08-22T20:09:01.598Z","level":"error","message":"\"undefined\" is not valid JSON","method":"PUT","service":"user-service","url":"/updateProfile"}
{"date":"2024-08-22T20:09:44.262Z","level":"error","message":"\"undefined\" is not valid JSON","method":"PUT","service":"user-service","url":"/updateProfile"}
{"date":"2024-08-22T20:10:20.749Z","level":"error","message":"Updating the path 'athleticDetails.city' would create a conflict at 'athleticDetails'","method":"PUT","service":"user-service","url":"/updateProfile"}
{"date":"2024-08-22T20:11:41.130Z","level":"error","message":"\"undefined\" is not valid JSON","method":"PUT","service":"user-service","url":"/updateProfile"}
{"date":"2024-08-22T20:12:15.907Z","level":"error","message":"athleticDetails is not defined","method":"PUT","service":"user-service","url":"/updateProfile"}
{"date":"2024-08-22T20:12:56.942Z","level":"error","message":"Updating the path 'athleticDetails.city' would create a conflict at 'athleticDetails'","method":"PUT","service":"user-service","url":"/updateProfile"}
{"date":"2024-08-23T13:16:32.487Z","level":"error","message":"Cannot read properties of null (reading '_id')","method":"GET","service":"user-service","url":"/get-all"}
{"date":"2024-08-23T13:16:34.767Z","level":"error","message":"Cannot read properties of null (reading '_id')","method":"GET","service":"user-service","url":"/get-all"}
{"date":"2024-08-23T13:16:39.075Z","level":"error","message":"Cannot read properties of null (reading '_id')","method":"GET","service":"user-service","url":"/get-all"}
{"date":"2024-08-23T13:21:46.455Z","level":"error","message":"Cannot read properties of null (reading '_id')","method":"GET","service":"user-service","url":"/get-all"}
{"date":"2024-08-23T13:21:48.146Z","level":"error","message":"Cannot read properties of null (reading '_id')","method":"GET","service":"user-service","url":"/get-all"}
{"date":"2024-08-23T13:21:50.402Z","level":"error","message":"Cannot read properties of null (reading '_id')","method":"GET","service":"user-service","url":"/get-all"}
{"date":"2024-08-23T13:21:54.646Z","level":"error","message":"Cannot read properties of null (reading '_id')","method":"GET","service":"user-service","url":"/get-all"}
{"date":"2024-08-23T13:22:44.859Z","level":"error","message":"Cannot read properties of null (reading '_id')","method":"GET","service":"user-service","url":"/get-all"}
{"date":"2024-08-23T13:22:46.605Z","level":"error","message":"Cannot read properties of null (reading '_id')","method":"GET","service":"user-service","url":"/get-all"}
{"date":"2024-08-23T13:22:48.838Z","level":"error","message":"Cannot read properties of null (reading '_id')","method":"GET","service":"user-service","url":"/get-all"}
{"date":"2024-08-23T13:22:53.064Z","level":"error","message":"Cannot read properties of null (reading '_id')","method":"GET","service":"user-service","url":"/get-all"}
{"date":"2024-08-23T14:44:55.971Z","level":"error","message":"Team not found or condition not met","method":"POST","service":"user-service","url":"/handle-captaincy-request"}
{"date":"2024-08-23T14:46:15.717Z","level":"error","message":"Team not found or condition not met","method":"POST","service":"user-service","url":"/handle-captaincy-request"}
{"date":"2024-08-23T15:17:35.401Z","level":"error","message":"Cannot read properties of undefined (reading 'total')","method":"GET","service":"user-service","url":"/captain-request-list"}
{"date":"2024-08-23T15:17:37.098Z","level":"error","message":"Cannot read properties of undefined (reading 'total')","method":"GET","service":"user-service","url":"/captain-request-list"}
{"date":"2024-08-23T15:17:39.741Z","level":"error","message":"Cannot read properties of undefined (reading 'total')","method":"GET","service":"user-service","url":"/captain-request-list"}
{"date":"2024-08-23T15:17:44.401Z","level":"error","message":"Cannot read properties of undefined (reading 'total')","method":"GET","service":"user-service","url":"/captain-request-list"}
{"date":"2024-08-23T15:22:41.766Z","level":"error","message":"No matching team found.","method":"POST","service":"user-service","url":"/join-team"}
{"date":"2024-08-23T15:23:10.457Z","level":"error","message":"No matching team found.","method":"POST","service":"user-service","url":"/join-team"}
{"date":"2024-08-23T15:23:34.261Z","level":"error","message":"No matching team found.","method":"POST","service":"user-service","url":"/join-team"}
{"date":"2024-08-23T15:25:17.314Z","level":"error","message":"athleticDetails is not defined","method":"PUT","service":"user-service","url":"/updateProfile"}
{"date":"2024-08-23T15:26:57.558Z","level":"error","message":"Cannot convert object to primitive value","method":"PUT","service":"user-service","url":"/updateProfile"}
{"date":"2024-08-23T15:26:59.916Z","level":"error","message":"Cannot convert object to primitive value","method":"PUT","service":"user-service","url":"/updateProfile"}
{"date":"2024-08-23T15:27:21.150Z","level":"error","message":"athleticDetails is not defined","method":"PUT","service":"user-service","url":"/updateProfile"}
{"date":"2024-08-23T15:29:00.021Z","level":"error","message":"Updating the path 'athleticDetails' would create a conflict at 'athleticDetails'","method":"PUT","service":"user-service","url":"/updateProfile"}
{"date":"2024-08-23T15:33:26.133Z","level":"error","message":"You have already sent a request to become member of the team.","method":"POST","service":"user-service","url":"/join-request"}
{"date":"2024-08-23T15:33:40.430Z","level":"error","message":"No matching team found.","method":"POST","service":"user-service","url":"/join-team"}
{"date":"2024-08-23T15:33:54.863Z","level":"error","message":"You have already sent a request to become member of the team.","method":"POST","service":"user-service","url":"/join-request"}
{"date":"2024-08-23T15:39:27.910Z","level":"error","message":"Cannot read properties of null (reading '_id')","method":"PUT","service":"user-service","url":"/manage-invitation/66c8a77f1aee063636b30901/66c63572033ce3eafc6abd4c?action=accept"}
{"date":"2024-08-23T15:41:31.691Z","level":"error","message":"Cannot read properties of null (reading '_id')","method":"PUT","service":"user-service","url":"/manage-invitation/66c8a77f1aee063636b30901/66c63572033ce3eafc6abd4c?action=accept"}
{"date":"2024-08-23T15:45:20.229Z","level":"error","message":"Exactly one of topic, token or condition is required","method":"PUT","service":"user-service","url":"/manage-invitation/66c8a77f1aee063636b30901/66c63572033ce3eafc6abd4c?action=accept"}
{"date":"2024-08-23T15:46:07.239Z","level":"error","message":"Exactly one of topic, token or condition is required","method":"PUT","service":"user-service","url":"/manage-invitation/66c8a77f1aee063636b30901/66c63572033ce3eafc6abd4c?action=accept"}
{"date":"2024-08-23T15:46:22.223Z","level":"error","message":"Exactly one of topic, token or condition is required","method":"PUT","service":"user-service","url":"/manage-invitation/66c8a77f1aee063636b30901/66c63572033ce3eafc6abd4c?action=accept"}
{"date":"2024-08-23T15:47:35.833Z","level":"error","message":"res.status is not a function","method":"PUT","service":"user-service","url":"/manage-invitation/66c8a77f1aee063636b30901/66c63572033ce3eafc6abd4c?action=accept"}
{"date":"2024-08-23T15:52:21.749Z","level":"error","message":"No matching team found.","method":"PUT","service":"user-service","url":"/assign-jersey-number/66c8a77f1aee063636b30901/66c8a77f1aee063636b30901"}
{"date":"2024-08-23T17:08:28.855Z","level":"error","message":"Cannot read properties of undefined (reading 'status')","method":"GET","service":"user-service","url":"/me"}
{"date":"2024-08-23T17:09:54.328Z","level":"error","message":"Cannot read properties of undefined (reading 'status')","method":"GET","service":"user-service","url":"/me"}
{"date":"2024-08-23T17:12:35.633Z","level":"error","message":"Cannot read properties of undefined (reading 'status')","method":"GET","service":"user-service","url":"/me"}
{"date":"2024-08-24T13:56:41.251Z","level":"error","message":"User does not exist","method":"POST","service":"user-service","url":"/login"}
{"date":"2024-08-24T14:00:14.287Z","level":"error","message":"User does not exist","method":"POST","service":"user-service","url":"/login"}
{"date":"2024-08-24T16:21:19.662Z","level":"error","message":"League not found or no upcoming league found","method":"PUT","service":"user-service","url":"/change"}
{"date":"2024-08-24T16:21:51.769Z","level":"error","message":"League not found or no upcoming league found","method":"PUT","service":"user-service","url":"/change"}
{"date":"2024-08-24T16:22:48.901Z","level":"error","message":"Team not found or you aren't the captain of team","method":"PUT","service":"user-service","url":"/change"}
{"date":"2024-08-24T16:23:30.943Z","level":"error","message":"League not found or no upcoming league found","method":"PUT","service":"user-service","url":"/change"}
{"date":"2024-08-24T16:27:07.520Z","level":"error","message":"Payload is missing","method":"POST","service":"user-service","url":"/invite-members"}
{"date":"2024-08-24T16:27:49.703Z","level":"error","message":"Team not found or you aren't captain of the team","method":"POST","service":"user-service","url":"/invite-members"}
{"date":"2024-08-24T16:28:33.794Z","level":"error","message":"Team not found or you aren't captain of the team","method":"POST","service":"user-service","url":"/invite-members"}
{"date":"2024-08-24T16:28:45.349Z","level":"error","message":"Some players are already part of the team","method":"POST","service":"user-service","url":"/invite-members"}
{"date":"2024-08-24T16:30:20.938Z","level":"error","message":"Team not found or you aren't captain of the team","method":"POST","service":"user-service","url":"/invite-members"}
{"date":"2024-08-27T14:35:11.389Z","level":"error","message":"The field 'teams' must specify one accumulator","method":"GET","service":"user-service","url":"/players"}
{"date":"2024-08-27T14:36:46.170Z","level":"error","message":"Invalid $project :: caused by :: Cannot do exclusion on field playerDetails in inclusion projection","method":"GET","service":"user-service","url":"/players"}
{"date":"2024-08-27T14:52:32.779Z","level":"error","message":"$regex has to be a string","method":"GET","service":"user-service","url":"/players"}
{"date":"2024-08-27T14:53:07.204Z","level":"error","message":"$regex has to be a string","method":"GET","service":"user-service","url":"/players"}
{"date":"2024-08-27T14:53:20.578Z","level":"error","message":"invalid argument to $skip stage: Expected an integer, but found NaN in: $skip: nan.0","method":"GET","service":"user-service","url":"/players"}
{"date":"2024-08-27T14:54:29.646Z","level":"error","message":"Invalid $project :: caused by :: FieldPath field names may not start with '$'. Consider using $getField or $setField.","method":"GET","service":"user-service","url":"/players"}
{"date":"2024-08-27T15:05:40.805Z","level":"error","message":"$regex has to be a string","method":"GET","service":"user-service","url":"/players"}
{"date":"2024-08-27T16:19:51.379Z","level":"error","message":"Invalid type.","method":"POST","service":"user-service","url":"/create-intent"}
{"date":"2024-08-27T16:23:18.887Z","level":"error","message":"Invalid type.","method":"POST","service":"user-service","url":"/create-intent"}
{"date":"2024-08-27T16:53:27.787Z","level":"error","message":"Invalid credentials","method":"POST","service":"user-service","url":"/login"}
{"date":"2024-08-27T19:32:52.327Z","level":"error","message":"Requested entity was not found.","method":"PUT","service":"user-service","url":"/manage-invitation/66ce049d1c0ad89b79fd8b4c/66c63572033ce3eafc6abd4c?action=accept"}
{"date":"2024-08-27T19:33:49.060Z","level":"error","message":"Requested entity was not found.","method":"PUT","service":"user-service","url":"/manage-invitation/66ce049d1c0ad89b79fd8b4c/66c63572033ce3eafc6abd4c?action=accept"}
{"date":"2024-08-27T19:34:41.041Z","level":"error","message":"Requested entity was not found.","method":"PUT","service":"user-service","url":"/manage-invitation/66ce049d1c0ad89b79fd8b4c/66c63572033ce3eafc6abd4c?action=accept"}
{"date":"2024-08-27T19:39:57.477Z","level":"error","message":"Unauthorize access only captain is allowed to access the resource.","method":"PUT","service":"user-service","url":"/manage-invitation/66ce049d1c0ad89b79fd8b4c/66c63572033ce3eafc6abd4c?action=accept"}
{"date":"2024-08-27T19:40:19.086Z","level":"error","message":"Unauthorize access only captain is allowed to access the resource.","method":"PUT","service":"user-service","url":"/manage-invitation/66ce049d1c0ad89b79fd8b4c/66c63572033ce3eafc6abd4c?action=accept"}
{"date":"2024-08-27T19:40:28.899Z","level":"error","message":"Unauthorize access only captain is allowed to access the resource.","method":"PUT","service":"user-service","url":"/manage-invitation/66ce049d1c0ad89b79fd8b4c/66c63572033ce3eafc6abd4c?action=accept"}
{"date":"2024-08-27T19:41:21.875Z","level":"error","message":"Unauthorize access only captain is allowed to access the resource.","method":"PUT","service":"user-service","url":"/manage-invitation/66ce049d1c0ad89b79fd8b4c/66c63572033ce3eafc6abd4c?action=accept"}
{"date":"2024-08-27T19:42:46.303Z","level":"error","message":"Unauthorize access only captain is allowed to access the resource.","method":"PUT","service":"user-service","url":"/manage-invitation/66ce049d1c0ad89b79fd8b4c/66c63572033ce3eafc6abd4c?action=accept"}
{"date":"2024-08-27T19:43:36.004Z","level":"error","message":"Unauthorize access only captain is allowed to access the resource.","method":"PUT","service":"user-service","url":"/manage-invitation/66ce049d1c0ad89b79fd8b4c/66c63572033ce3eafc6abd4c?action=accept"}
{"date":"2024-08-27T19:45:26.149Z","level":"error","message":"Unauthorize access only captain is allowed to access the resource.","method":"PUT","service":"user-service","url":"/manage-invitation/66ce049d1c0ad89b79fd8b4c/66c63572033ce3eafc6abd4c?action=accept"}
{"date":"2024-08-27T19:45:38.804Z","level":"error","message":"Unauthorize access only captain is allowed to access the resource.","method":"PUT","service":"user-service","url":"/manage-invitation/66ce049d1c0ad89b79fd8b4c/66c63572033ce3eafc6abd4c?action=accept"}
{"date":"2024-08-27T19:46:04.716Z","level":"error","message":"Requested entity was not found.","method":"PUT","service":"user-service","url":"/manage-invitation/66ce049d1c0ad89b79fd8b4c/66c63572033ce3eafc6abd4c?action=accept"}
{"date":"2024-08-27T19:46:39.691Z","level":"error","message":"Requested entity was not found.","method":"PUT","service":"user-service","url":"/manage-invitation/66ce049d1c0ad89b79fd8b4c/66c63572033ce3eafc6abd4c?action=accept"}
{"date":"2024-08-27T19:51:35.611Z","level":"error","message":"Requested entity was not found.","method":"PUT","service":"user-service","url":"/manage-invitation/66ce049d1c0ad89b79fd8b4c/66c63572033ce3eafc6abd4c?action=accept"}
{"date":"2024-08-27T19:55:01.570Z","level":"error","message":"Requested entity was not found.","method":"PUT","service":"user-service","url":"/manage-invitation/66ce049d1c0ad89b79fd8b4c/66c63572033ce3eafc6abd4c?action=accept"}
{"date":"2024-08-27T19:57:02.528Z","level":"error","message":"Requested entity was not found.","method":"PUT","service":"user-service","url":"/manage-invitation/66ce049d1c0ad89b79fd8b4c/66c63572033ce3eafc6abd4c?action=accept"}
{"date":"2024-08-27T19:57:44.191Z","level":"error","message":"Requested entity was not found.","method":"PUT","service":"user-service","url":"/manage-invitation/66ce049d1c0ad89b79fd8b4c/66c63572033ce3eafc6abd4c?action=accept"}
{"date":"2024-08-27T19:58:55.029Z","level":"error","message":"response is not defined","method":"PUT","service":"user-service","url":"/manage-invitation/66ce049d1c0ad89b79fd8b4c/66c63572033ce3eafc6abd4c?action=accept"}
{"date":"2024-08-28T17:13:27.962Z","level":"error","message":"Mongoose 5.x disallows passing a spread of operators to `Model.aggregate()`. Instead of `Model.aggregate({ $match }, { $skip })`, do `Model.aggregate([{ $match }, { $skip }])`","method":"GET","service":"user-service","url":"/all/66add597935a25cd6f747e20"}
{"date":"2024-08-28T17:23:07.464Z","level":"error","message":"Cast to ObjectId failed for value \"2121412\" (type string) at path \"_id\" for model \"League\"","method":"POST","service":"user-service","url":"/add"}
{"date":"2024-08-28T17:23:16.473Z","level":"error","message":"\"leagueId\" is not allowed to be empty","method":"POST","service":"user-service","url":"/add"}
{"date":"2024-08-28T17:23:25.683Z","level":"error","message":"Cast to ObjectId failed for value \"342423423423423\" (type string) at path \"_id\" for model \"League\"","method":"POST","service":"user-service","url":"/add"}
{"date":"2024-08-28T17:23:38.374Z","level":"error","message":"Cannot read properties of undefined (reading 'map')","method":"POST","service":"user-service","url":"/add"}
{"date":"2024-08-28T17:24:14.126Z","level":"error","message":"\"matchData\" is required","method":"POST","service":"user-service","url":"/add"}
{"date":"2024-08-28T17:27:09.333Z","level":"error","message":"\"matchData\" must contain at least 1 items","method":"POST","service":"user-service","url":"/add"}
{"date":"2024-08-28T17:28:21.661Z","level":"error","message":"\"matchData[0].venue\" is not allowed to be empty","method":"POST","service":"user-service","url":"/add"}
{"date":"2024-08-28T17:28:46.515Z","level":"error","message":"\"matchData[0].teams\" must contain 2 items","method":"POST","service":"user-service","url":"/add"}
{"date":"2024-08-28T17:30:07.482Z","level":"error","message":"\"matchData[0].teams[1]\" contains a duplicate value","method":"POST","service":"user-service","url":"/add"}
{"date":"2024-08-28T17:30:18.316Z","level":"error","message":"Match validation failed: status: `pending` is not a valid enum value for path `status`.","method":"POST","service":"user-service","url":"/add"}
{"date":"2024-08-28T17:32:12.370Z","level":"error","message":"\"leagueId\" is required","method":"POST","service":"user-service","url":"/add"}
{"date":"2024-08-28T17:40:57.535Z","level":"error","message":"Cannot read properties of undefined (reading 'status')","method":"GET","service":"user-service","url":"/all/66add597935a25cd6f747e20"}
{"date":"2024-08-28T17:42:30.524Z","level":"error","message":"search is not defined","method":"GET","service":"user-service","url":"/all/66add597935a25cd6f747e20"}
{"date":"2024-08-28T17:43:40.400Z","level":"error","message":"search is not defined","method":"GET","service":"user-service","url":"/all/66add597935a25cd6f747e20"}
{"date":"2024-08-29T15:14:29.476Z","level":"error","message":"Cannot read properties of undefined (reading '1')","method":"GET","service":"user-service","url":"/all?leagueId=&status=upcoming&page=1&limit=7"}
{"date":"2024-08-29T15:14:31.849Z","level":"error","message":"Cannot read properties of undefined (reading '1')","method":"GET","service":"user-service","url":"/all?leagueId=&status=upcoming&page=1&limit=7"}
{"date":"2024-08-29T15:14:34.222Z","level":"error","message":"Cannot read properties of undefined (reading '1')","method":"GET","service":"user-service","url":"/all?leagueId=&status=upcoming&page=1&limit=7"}
{"date":"2024-08-29T15:14:38.767Z","level":"error","message":"Cannot read properties of undefined (reading '1')","method":"GET","service":"user-service","url":"/all?leagueId=&status=upcoming&page=1&limit=7"}
{"date":"2024-08-29T16:39:44.177Z","level":"error","message":"Invalid $addFields :: caused by :: Expression $gte takes exactly 2 arguments. 3 were passed in.","method":"GET","service":"user-service","url":"/all?status=upcoming"}
{"date":"2024-08-29T16:54:34.012Z","level":"error","message":"Invalid credentials","method":"POST","service":"user-service","url":"/login"}
{"date":"2024-08-29T16:54:34.153Z","level":"error","message":"Invalid credentials","method":"POST","service":"user-service","url":"/login"}
{"date":"2024-08-30T10:03:09.453Z","level":"error","message":"path is not defined","method":"POST","service":"user-service","url":"/"}
{"date":"2024-08-30T10:05:10.477Z","level":"error","message":"cloud is not defined","method":"POST","service":"user-service","url":"/"}
{"date":"2024-08-30T10:07:54.514Z","level":"error","message":"Banner validation failed: url: Path `url` is required.","method":"POST","service":"user-service","url":"/"}
{"date":"2024-08-30T10:28:16.117Z","level":"error","message":"Image is required","method":"POST","service":"user-service","url":"/"}
{"date":"2024-08-30T13:23:41.613Z","level":"error","message":"Invalid match Id","method":"PUT","service":"user-service","url":"/update/result"}
{"date":"2024-08-30T13:24:21.142Z","level":"error","message":"Invalid match Id","method":"PUT","service":"user-service","url":"/update/result"}
{"date":"2024-08-30T13:26:04.107Z","level":"error","message":"Invalid match Id","method":"PUT","service":"user-service","url":"/update/result"}
{"date":"2024-08-30T13:28:51.082Z","level":"error","message":"Cannot read properties of undefined (reading 'scores')","method":"PUT","service":"user-service","url":"/update/result/66d0856bb85f443af1cf4dda"}
{"date":"2024-08-30T13:37:05.033Z","level":"error","message":"Match not found","method":"PUT","service":"user-service","url":"/update/result/66d0856bb85f443af1cf4dda"}
{"date":"2024-08-30T13:37:20.604Z","level":"error","message":"Match not found","method":"PUT","service":"user-service","url":"/update/result/66d0856bb85f443af1cf4dda"}
{"date":"2024-09-06T13:48:39.861Z","level":"error","message":"Cast to string failed for value \"{ position: 'Defender (Def)' }\" (type Object) at path \"preferredPosition\" for model \"User\"","method":"POST","service":"user-service","url":"/search-players"}
{"date":"2024-09-06T13:50:59.736Z","level":"error","message":"unknown top level operator: $switch. If you have a field name that starts with a '$' symbol, consider using $getField or $setField.","method":"GET","service":"user-service","url":"/all?status=completed&leagueId="}
{"date":"2024-09-06T14:13:21.954Z","level":"error","message":"unknown top level operator: $switch. If you have a field name that starts with a '$' symbol, consider using $getField or $setField.","method":"GET","service":"user-service","url":"/all?status=completed&leagueId="}
{"date":"2024-09-06T14:14:01.168Z","level":"error","message":"unknown top level operator: $switch. If you have a field name that starts with a '$' symbol, consider using $getField or $setField.","method":"GET","service":"user-service","url":"/all?status=upcoming&leagueId=66add106993db9480a1fe484"}
{"date":"2024-09-06T14:51:08.015Z","level":"error","message":"Team already exists","method":"POST","service":"user-service","url":"/"}
{"date":"2024-09-06T15:49:13.273Z","level":"error","message":"unknown top level operator: $switch. If you have a field name that starts with a '$' symbol, consider using $getField or $setField.","method":"GET","service":"user-service","url":"/all?status=upcoming&leagueId="}
{"date":"2024-09-06T16:46:22.858Z","level":"error","message":"Invalid credentials","method":"POST","service":"user-service","url":"/login"}
{"date":"2024-09-06T16:47:50.537Z","level":"error","message":"Jersey number already assigned","method":"PUT","service":"user-service","url":"/assign-jersey-number/66ce049d1c0ad89b79fd8b4c/66a270ef26cb6d165c1e953d"}
{"date":"2024-09-06T16:48:28.100Z","level":"error","message":"Jersey number already assigned","method":"PUT","service":"user-service","url":"/assign-jersey-number/66ce049d1c0ad89b79fd8b4c/66a270ef26cb6d165c1e953d"}
{"date":"2024-09-06T16:53:22.950Z","level":"error","message":"Some players are already part of the team","method":"POST","service":"user-service","url":"/invite-members"}
{"date":"2024-09-06T16:54:05.693Z","level":"error","message":"Some players are already part of the team","method":"POST","service":"user-service","url":"/invite-members"}
{"date":"2024-09-06T16:54:43.367Z","level":"error","message":"unknown top level operator: $switch. If you have a field name that starts with a '$' symbol, consider using $getField or $setField.","method":"GET","service":"user-service","url":"/all?status=upcoming&leagueId="}
{"date":"2024-09-06T17:25:10.228Z","level":"error","message":"(intermediate value).toDate is not a function","method":"GET","service":"user-service","url":"/?year=2023"}
{"date":"2024-09-06T17:43:44.595Z","level":"error","message":"League validation failed: startDate: Path `startDate` is required., endDate: Path `endDate` is required.","method":"PUT","service":"user-service","url":"/66a8b27aed617dd86d138ab2"}
{"date":"2024-09-06T17:45:03.641Z","level":"error","message":"League validation failed: startDate: Path `startDate` is required., endDate: Path `endDate` is required.","method":"PUT","service":"user-service","url":"/66a8b27aed617dd86d138ab2"}
{"date":"2024-09-06T18:26:46.847Z","level":"error","message":"unknown top level operator: $switch. If you have a field name that starts with a '$' symbol, consider using $getField or $setField.","method":"GET","service":"user-service","url":"/all?leagueId=&status=upcoming&page=1&limit=6"}
{"date":"2024-09-06T18:26:48.084Z","level":"error","message":"unknown top level operator: $switch. If you have a field name that starts with a '$' symbol, consider using $getField or $setField.","method":"GET","service":"user-service","url":"/all?leagueId=&status=upcoming&page=1&limit=6"}
{"date":"2024-09-06T18:26:48.624Z","level":"error","message":"unknown top level operator: $switch. If you have a field name that starts with a '$' symbol, consider using $getField or $setField.","method":"GET","service":"user-service","url":"/all?leagueId=&status=awaiting&page=1&limit=6"}
{"date":"2024-09-06T18:26:49.857Z","level":"error","message":"unknown top level operator: $switch. If you have a field name that starts with a '$' symbol, consider using $getField or $setField.","method":"GET","service":"user-service","url":"/all?leagueId=&status=awaiting&page=1&limit=6"}
{"date":"2024-09-06T18:26:52.095Z","level":"error","message":"unknown top level operator: $switch. If you have a field name that starts with a '$' symbol, consider using $getField or $setField.","method":"GET","service":"user-service","url":"/all?leagueId=&status=awaiting&page=1&limit=6"}
{"date":"2024-09-06T18:27:04.422Z","level":"error","message":"unknown top level operator: $switch. If you have a field name that starts with a '$' symbol, consider using $getField or $setField.","method":"GET","service":"user-service","url":"/all?leagueId=&status=awaiting&page=1&limit=6"}
{"date":"2024-09-06T18:28:00.157Z","level":"error","message":"unknown top level operator: $switch. If you have a field name that starts with a '$' symbol, consider using $getField or $setField.","method":"GET","service":"user-service","url":"/all?leagueId=&status=upcoming&page=1&limit=6"}
{"date":"2024-09-06T18:28:01.389Z","level":"error","message":"unknown top level operator: $switch. If you have a field name that starts with a '$' symbol, consider using $getField or $setField.","method":"GET","service":"user-service","url":"/all?leagueId=&status=upcoming&page=1&limit=6"}
{"date":"2024-09-06T18:28:03.663Z","level":"error","message":"unknown top level operator: $switch. If you have a field name that starts with a '$' symbol, consider using $getField or $setField.","method":"GET","service":"user-service","url":"/all?leagueId=&status=upcoming&page=1&limit=6"}
{"date":"2024-09-06T18:28:07.905Z","level":"error","message":"unknown top level operator: $switch. If you have a field name that starts with a '$' symbol, consider using $getField or $setField.","method":"GET","service":"user-service","url":"/all?leagueId=&status=upcoming&page=1&limit=6"}
{"date":"2024-09-06T18:29:15.906Z","level":"error","message":"unknown top level operator: $switch. If you have a field name that starts with a '$' symbol, consider using $getField or $setField.","method":"GET","service":"user-service","url":"/all?leagueId=&status=upcoming&page=1&limit=6"}
{"date":"2024-09-06T18:29:17.145Z","level":"error","message":"unknown top level operator: $switch. If you have a field name that starts with a '$' symbol, consider using $getField or $setField.","method":"GET","service":"user-service","url":"/all?leagueId=&status=upcoming&page=1&limit=6"}
{"date":"2024-09-06T18:29:53.093Z","level":"error","message":"unknown top level operator: $switch. If you have a field name that starts with a '$' symbol, consider using $getField or $setField.","method":"GET","service":"user-service","url":"/all?leagueId=&status=upcoming&page=1&limit=6"}
{"date":"2024-09-06T18:29:57.334Z","level":"error","message":"unknown top level operator: $switch. If you have a field name that starts with a '$' symbol, consider using $getField or $setField.","method":"GET","service":"user-service","url":"/all?leagueId=&status=upcoming&page=1&limit=6"}
{"date":"2024-09-06T18:35:08.536Z","level":"error","message":"Cannot read properties of undefined (reading '0')","method":"PUT","service":"user-service","url":"/updateProfile"}
{"date":"2024-09-06T19:11:28.323Z","level":"error","message":"recentMatch is not defined","method":"GET","service":"user-service","url":"/teams"}
{"date":"2024-09-06T19:13:12.588Z","level":"error","message":"Cannot read properties of undefined (reading 'toString')","method":"GET","service":"user-service","url":"/teams"}
{"date":"2024-09-07T11:13:52.208Z","level":"error","message":"Expression $eq takes exactly 2 arguments. 1 were passed in.","method":"GET","service":"user-service","url":"/league-standing?league=66add106993db9480a1fe484"}
{"date":"2024-09-07T12:38:23.753Z","level":"error","message":"Cannot read properties of undefined (reading '0')","method":"PUT","service":"user-service","url":"/updateProfile"}
{"date":"2024-09-07T12:39:06.043Z","level":"error","message":"Cannot read properties of undefined (reading '0')","method":"PUT","service":"user-service","url":"/updateProfile"}
{"date":"2024-09-07T12:39:40.323Z","level":"error","message":"Cannot read properties of undefined (reading '0')","method":"PUT","service":"user-service","url":"/updateProfile"}
{"date":"2024-09-07T12:40:25.884Z","level":"error","message":"Cannot read properties of undefined (reading '0')","method":"PUT","service":"user-service","url":"/updateProfile"}
{"date":"2024-09-07T12:40:58.314Z","level":"error","message":"Cannot read properties of undefined (reading '0')","method":"PUT","service":"user-service","url":"/updateProfile"}
{"date":"2024-09-07T12:41:55.052Z","level":"error","message":"Cannot read properties of undefined (reading '0')","method":"PUT","service":"user-service","url":"/updateProfile"}
{"date":"2024-09-07T12:58:38.838Z","level":"error","message":"Assignment to constant variable.","method":"PUT","service":"user-service","url":"/updateAdminProfile"}
{"date":"2024-09-07T13:28:39.975Z","level":"error","message":"Cannot read properties of null (reading 'team1')","method":"GET","service":"user-service","url":"/league-standing?league=66add106993db9480a1fe484"}
{"date":"2024-09-07T13:29:20.030Z","level":"error","message":"Cannot read properties of null (reading 'team1')","method":"GET","service":"user-service","url":"/league-standing?league=66add106993db9480a1fe484"}
{"date":"2024-09-07T13:29:54.680Z","level":"error","message":"Cannot read properties of null (reading 'team1')","method":"GET","service":"user-service","url":"/league-standing?league=66add106993db9480a1fe484"}
{"date":"2024-09-07T13:30:38.135Z","level":"error","message":"Cannot read properties of null (reading 'team1')","method":"GET","service":"user-service","url":"/league-standing?league=66add106993db9480a1fe484"}
{"date":"2024-09-09T13:10:09.331Z","level":"error","message":"Cannot read properties of undefined (reading 'toString')","method":"GET","service":"user-service","url":"/recent-winners"}
{"date":"2024-09-09T13:10:12.188Z","level":"error","message":"Cannot read properties of undefined (reading 'toString')","method":"GET","service":"user-service","url":"/recent-winners"}
{"date":"2024-09-09T13:10:20.617Z","level":"error","message":"Cannot read properties of undefined (reading 'toString')","method":"GET","service":"user-service","url":"/recent-winners"}
{"date":"2024-09-09T13:10:23.468Z","level":"error","message":"Cannot read properties of undefined (reading 'toString')","method":"GET","service":"user-service","url":"/recent-winners"}
{"date":"2024-09-09T13:10:26.262Z","level":"error","message":"Cannot read properties of undefined (reading 'toString')","method":"GET","service":"user-service","url":"/recent-winners"}
{"date":"2024-09-09T13:10:31.033Z","level":"error","message":"Cannot read properties of undefined (reading 'toString')","method":"GET","service":"user-service","url":"/recent-winners"}
{"date":"2024-09-09T15:08:19.938Z","level":"error","message":"Invalid league","method":"GET","service":"user-service","url":"/all/undefined"}
{"date":"2024-09-09T17:46:59.519Z","level":"error","message":"PlanExecutor error during aggregation :: caused by :: $in requires an array as a second argument, found: missing","method":"GET","service":"user-service","url":"/"}
{"date":"2024-09-09T17:48:49.665Z","level":"error","message":"PlanExecutor error during aggregation :: caused by :: $in requires an array as a second argument, found: missing","method":"GET","service":"user-service","url":"/"}
{"date":"2024-09-10T14:25:10.610Z","level":"error","message":"Logo is required","method":"POST","service":"user-service","url":"/"}
{"date":"2024-09-10T14:26:00.931Z","level":"error","message":"Logo is required","method":"POST","service":"user-service","url":"/"}
{"date":"2024-09-10T14:26:56.957Z","level":"error","message":"Logo is required","method":"POST","service":"user-service","url":"/"}
{"date":"2024-09-10T14:27:17.726Z","level":"error","message":"Logo is required","method":"POST","service":"user-service","url":"/"}
{"date":"2024-09-10T14:27:34.640Z","level":"error","message":"cloud is not defined","method":"POST","service":"user-service","url":"/"}
{"date":"2024-09-10T14:28:05.440Z","level":"error","message":"League validation failed: logo: Cast to string failed for value \"{\n  asset_id: '7f95705517893aa72bb6e9b6e6951d5f',\n  public_id: 'ufa_media/1725978483884-UFA_Logo.png',\n  version: 1725978484,\n  version_id: '3a8102eafdb80fe56a49408381b3339d',\n  signature: '977f99abe03da0ca869a21c4091b9ab295df25d6',\n  width: 84,\n  height: 108,\n  format: 'png',\n  resource_type: 'image',\n  created_at: '2024-09-10T14:28:04Z',\n  tags: [],\n  bytes: 6311,\n  type: 'upload',\n  etag: '2b849cdfb311b448dad8bdeed93d642d',\n  placeholder: false,\n  url: 'http://res.cloudinary.com/dhxcv9swk/image/upload/v1725978484/ufa_media/1725978483884-UFA_Logo.png.png',\n  secure_url: 'https://res.cloudinary.com/dhxcv9swk/image/upload/v1725978484/ufa_media/1725978483884-UFA_Logo.png.png',\n  asset_folder: 'ufa_media',\n  display_name: '1725978483884-UFA_Logo.png',\n  original_filename: 'file',\n  api_key: '282945923759111'\n}\" (type Object) at path \"logo\"","method":"POST","service":"user-service","url":"/"}
{"date":"2024-09-10T15:11:47.526Z","level":"error","message":"User does not exist","method":"POST","service":"user-service","url":"/login"}
{"date":"2024-09-10T15:33:59.472Z","level":"error","message":"Invalid credentials","method":"POST","service":"user-service","url":"/login"}
{"date":"2024-09-10T15:34:01.235Z","level":"error","message":"Invalid credentials","method":"POST","service":"user-service","url":"/login"}
{"date":"2024-09-10T15:34:40.433Z","level":"error","message":"User does not exist","method":"POST","service":"user-service","url":"/forgotPassword"}
{"date":"2024-09-10T15:43:22.947Z","level":"error","message":"Invalid credentials","method":"POST","service":"user-service","url":"/login"}
{"date":"2024-09-10T16:07:06.088Z","level":"error","message":"Invalid credentials","method":"POST","service":"user-service","url":"/login"}
{"date":"2024-09-10T16:19:33.519Z","level":"error","message":"Unexpected token T in JSON at position 0","method":"POST","service":"user-service","url":"/"}
{"date":"2024-09-10T16:26:05.059Z","level":"error","message":"League validation failed: name: Path `name` is required., startDate: Path `startDate` is required., endDate: Path `endDate` is required., matchDays: Path `matchDays` is required., matchMinutes: Path `matchMinutes` is required., minimumPlayers: Path `minimumPlayers` is required., maximumPlayers: Path `maximumPlayers` is required., rules: Path `rules` is required.","method":"PUT","service":"user-service","url":"/66e071bf77d8d7fab799f956"}
{"date":"2024-09-10T17:39:46.150Z","level":"error","message":"leagueFilter is not defined","method":"GET","service":"user-service","url":"/?season=&league=&year=&page=1&limit=7"}
{"date":"2024-09-10T17:39:48.629Z","level":"error","message":"leagueFilter is not defined","method":"GET","service":"user-service","url":"/?season=&league=&year=&page=1&limit=7"}
{"date":"2024-09-10T17:39:53.104Z","level":"error","message":"leagueFilter is not defined","method":"GET","service":"user-service","url":"/?season=&league=&year=&page=1&limit=7"}
{"date":"2024-09-10T17:46:43.318Z","level":"error","message":"docCount is not defined","method":"GET","service":"user-service","url":"/?season=66e05627b11ec69906877f0d&league=&year=&page=1&limit=7"}
{"date":"2024-09-10T17:46:44.569Z","level":"error","message":"docCount is not defined","method":"GET","service":"user-service","url":"/?season=66e05627b11ec69906877f0d&league=&year=&page=1&limit=7"}
{"date":"2024-09-10T17:46:46.996Z","level":"error","message":"docCount is not defined","method":"GET","service":"user-service","url":"/?season=66e05627b11ec69906877f0d&league=&year=&page=1&limit=7"}
{"date":"2024-09-10T17:52:52.002Z","level":"error","message":"PlanExecutor error during aggregation :: caused by :: The argument to $size must be an array, but was of type: object","method":"GET","service":"user-service","url":"/?season=&league=&year=&page=1&limit=7"}
{"date":"2024-09-10T17:52:54.451Z","level":"error","message":"PlanExecutor error during aggregation :: caused by :: The argument to $size must be an array, but was of type: object","method":"GET","service":"user-service","url":"/?season=&league=&year=&page=1&limit=7"}
{"date":"2024-09-10T17:52:56.775Z","level":"error","message":"PlanExecutor error during aggregation :: caused by :: The argument to $size must be an array, but was of type: object","method":"GET","service":"user-service","url":"/?season=&league=&year=&page=1&limit=7"}
{"date":"2024-09-10T17:53:01.038Z","level":"error","message":"PlanExecutor error during aggregation :: caused by :: The argument to $size must be an array, but was of type: object","method":"GET","service":"user-service","url":"/?season=&league=&year=&page=1&limit=7"}
{"date":"2024-09-10T19:15:20.324Z","level":"error","message":"Invalid league","method":"GET","service":"user-service","url":"/all/undefined"}
{"date":"2024-09-10T19:18:00.036Z","level":"error","message":"Invalid league","method":"GET","service":"user-service","url":"/all/undefined"}
{"date":"2024-09-19T14:40:27.403Z","level":"error","message":"data is not defined","method":"GET","service":"user-service","url":"/player-standing"}
{"date":"2024-09-19T14:41:28.231Z","level":"error","message":"team.forEach is not a function","method":"GET","service":"user-service","url":"/player-standing"}
{"date":"2024-09-19T15:58:46.383Z","level":"error","message":"Cast to ObjectId failed for value \"\" (type string) at path \"league\" for model \"Match\"","method":"GET","service":"user-service","url":"/player-standing?league"}
{"date":"2024-09-19T16:30:36.349Z","level":"error","message":"League is required","method":"GET","service":"user-service","url":"/player-standing?league=66e05ccab2e7bac8eeadc2ba"}
{"date":"2024-09-19T16:31:24.752Z","level":"error","message":"League is required","method":"POST","service":"user-service","url":"/player-standing?league=66e05ccab2e7bac8eeadc2ba"}
{"date":"2024-09-19T16:31:49.716Z","level":"error","message":"Invalid filter","method":"POST","service":"user-service","url":"/player-standing"}
{"date":"2024-09-19T16:32:03.279Z","level":"error","message":"Invalid filter","method":"POST","service":"user-service","url":"/player-standing"}
{"date":"2024-09-19T17:27:13.287Z","level":"error","message":"Cannot read properties of undefined (reading 'map')","method":"PUT","service":"user-service","url":"/seen/66e06abab2e7bac8eeadc6e4"}
{"date":"2024-09-19T17:32:54.619Z","level":"error","message":"Cannot read properties of undefined (reading 'map')","method":"PUT","service":"user-service","url":"/seen/66e06abab2e7bac8eeadc6e4"}
{"date":"2024-09-19T17:33:20.532Z","level":"error","message":"Cannot read properties of undefined (reading 'map')","method":"PUT","service":"user-service","url":"/seen/66e06abab2e7bac8eeadc6e4"}
{"date":"2024-09-19T17:33:22.875Z","level":"error","message":"Cannot read properties of undefined (reading 'map')","method":"PUT","service":"user-service","url":"/seen/66e06abab2e7bac8eeadc6e4"}
{"date":"2024-09-19T18:54:35.232Z","level":"error","message":"Invalid $project :: caused by :: The $sort is invalid: use 1/-1 to sort the whole element, or {field:1/-1} to sort embedded fields","method":"GET","service":"user-service","url":"/66e06abab2e7bac8eeadc6e4?limit=10&page=1"}
{"date":"2024-09-30T14:10:27.403Z","level":"error","message":"Cannot read properties of undefined (reading 'map')","method":"PUT","service":"user-service","url":"/seen/66e06abab2e7bac8eeadc6e4"}
{"date":"2024-09-30T17:47:20.798Z","level":"error","message":"Invalid credentials","method":"POST","service":"user-service","url":"/login"}
{"date":"2024-10-03T13:12:58.602Z","level":"error","message":"You have previously signed up with password. Use password instead","method":"POST","service":"user-service","url":"/socialAuth"}
{"date":"2024-10-03T13:13:35.685Z","level":"error","message":"You have previously signed up with password. Use password instead","method":"POST","service":"user-service","url":"/socialAuth"}
{"date":"2024-10-03T13:14:48.640Z","level":"error","message":"E11000 duplicate key error collection: urbanfootball-v2.users index: phone_1 dup key: { phone: null }","method":"POST","service":"user-service","url":"/socialAuth"}
{"date":"2024-10-03T13:15:57.273Z","level":"error","message":"E11000 duplicate key error collection: urbanfootball-v2.users index: phone_1 dup key: { phone: null }","method":"POST","service":"user-service","url":"/socialAuth"}
{"date":"2024-10-03T13:17:19.838Z","level":"error","message":"E11000 duplicate key error collection: urbanfootball-v2.users index: phone_1 dup key: { phone: null }","method":"POST","service":"user-service","url":"/socialAuth"}
{"date":"2024-10-03T13:19:44.621Z","level":"error","message":"You have previously signed up with password. Use password instead","method":"POST","service":"user-service","url":"/socialAuth"}
{"date":"2024-11-29T07:59:57.953Z","level":"error","message":"Notification validation failed: type: Cast to string failed for value \"{}\" (type Object) at path \"type\"","method":"PUT","service":"user-service","url":"/update/result/674971f7eb1a2b483bef8dc3"}
{"date":"2024-12-04T10:38:59.302Z","level":"error","message":"city is not defined","method":"POST","service":"user-service","url":"/"}
{"date":"2024-12-05T07:04:05.309Z","level":"error","message":"country is not defined","method":"GET","service":"user-service","url":"/?season=&league=&city=&page=1&limit=7"}
{"date":"2024-12-05T07:04:09.344Z","level":"error","message":"country is not defined","method":"GET","service":"user-service","url":"/?season=&league=&city=&page=1&limit=7"}
{"date":"2024-12-05T07:04:37.121Z","level":"error","message":"country is not defined","method":"GET","service":"user-service","url":"/?season=&league=&city=&page=1&limit=7"}
{"date":"2024-12-05T07:04:38.335Z","level":"error","message":"country is not defined","method":"GET","service":"user-service","url":"/?season=&league=&city=&page=1&limit=7"}
{"date":"2024-12-05T07:04:40.356Z","level":"error","message":"country is not defined","method":"GET","service":"user-service","url":"/?season=&league=&city=&page=1&limit=7"}
{"date":"2024-12-05T07:22:19.273Z","level":"error","message":"League is required","method":"POST","service":"user-service","url":"/player-standing"}
